0 info it worked if it ends with ok
1 verbose cli [ 'C:\\Users\\miguel.morujao\\AppData\\Local\\.meteor\\packages\\meteor-tool\\1.3.4_4\\mt-os.windows.x86_32\\dev_bundle\\bin\\\\node.exe',
1 verbose cli   'C:\\Users\\miguel.morujao\\AppData\\Local\\.meteor\\packages\\meteor-tool\\1.3.4_4\\mt-os.windows.x86_32\\dev_bundle\\bin\\node_modules\\npm\\bin\\npm-cli.js',
1 verbose cli   'install',
1 verbose cli   'bcrypt' ]
2 info using npm@3.10.5
3 info using node@v0.10.46
4 silly loadCurrentTree Starting
5 silly install loadCurrentTree
6 silly install readLocalPackageData
7 silly fetchPackageMetaData bcrypt
8 silly fetchNamedPackageData bcrypt
9 silly mapToRegistry name bcrypt
10 silly mapToRegistry using default registry
11 silly mapToRegistry registry https://registry.npmjs.org/
12 silly mapToRegistry data { raw: 'bcrypt',
12 silly mapToRegistry   scope: null,
12 silly mapToRegistry   escapedName: 'bcrypt',
12 silly mapToRegistry   name: 'bcrypt',
12 silly mapToRegistry   rawSpec: '',
12 silly mapToRegistry   spec: 'latest',
12 silly mapToRegistry   type: 'tag' }
13 silly mapToRegistry uri https://registry.npmjs.org/bcrypt
14 verbose request uri https://registry.npmjs.org/bcrypt
15 verbose request no auth needed
16 info attempt registry request try #1 at 18:10:40
17 verbose request id d381d54715946e4b
18 verbose etag "794DXMDT9JWS613NJBU13GZOB"
19 http request GET https://registry.npmjs.org/bcrypt
20 http 304 https://registry.npmjs.org/bcrypt
21 verbose headers { date: 'Mon, 08 Aug 2016 17:13:28 GMT',
21 verbose headers   via: '1.1 varnish',
21 verbose headers   'cache-control': 'max-age=300',
21 verbose headers   etag: '"794DXMDT9JWS613NJBU13GZOB"',
21 verbose headers   age: '204',
21 verbose headers   connection: 'keep-alive',
21 verbose headers   'x-served-by': 'cache-lhr6322-LHR',
21 verbose headers   'x-cache': 'HIT',
21 verbose headers   'x-cache-hits': '1',
21 verbose headers   'x-timer': 'S1470676408.825275,VS0,VE0',
21 verbose headers   vary: 'Accept-Encoding' }
22 silly get cb [ 304,
22 silly get   { date: 'Mon, 08 Aug 2016 17:13:28 GMT',
22 silly get     via: '1.1 varnish',
22 silly get     'cache-control': 'max-age=300',
22 silly get     etag: '"794DXMDT9JWS613NJBU13GZOB"',
22 silly get     age: '204',
22 silly get     connection: 'keep-alive',
22 silly get     'x-served-by': 'cache-lhr6322-LHR',
22 silly get     'x-cache': 'HIT',
22 silly get     'x-cache-hits': '1',
22 silly get     'x-timer': 'S1470676408.825275,VS0,VE0',
22 silly get     vary: 'Accept-Encoding' } ]
23 verbose etag https://registry.npmjs.org/bcrypt from cache
24 verbose get saving bcrypt to C:\Users\miguel.morujao\AppData\Roaming\npm-cache\registry.npmjs.org\bcrypt\.cache.json
25 verbose correctMkdir C:\Users\miguel.morujao\AppData\Roaming\npm-cache correctMkdir not in flight; initializing
26 silly install normalizeTree
27 silly loadCurrentTree Finishing
28 silly loadIdealTree Starting
29 silly install loadIdealTree
30 silly cloneCurrentTree Starting
31 silly install cloneCurrentTreeToIdealTree
32 silly cloneCurrentTree Finishing
33 silly loadShrinkwrap Starting
34 silly install loadShrinkwrap
35 silly loadShrinkwrap Finishing
36 silly loadAllDepsIntoIdealTree Starting
37 silly install loadAllDepsIntoIdealTree
38 silly resolveWithNewModule bcrypt@0.8.7 checking installable status
39 silly cache add args [ 'bcrypt', null ]
40 verbose cache add spec bcrypt
41 silly cache add parsed spec { raw: 'bcrypt',
41 silly cache add   scope: null,
41 silly cache add   escapedName: 'bcrypt',
41 silly cache add   name: 'bcrypt',
41 silly cache add   rawSpec: '',
41 silly cache add   spec: 'latest',
41 silly cache add   type: 'tag' }
42 silly addNamed bcrypt@latest
43 verbose addNamed "latest" is being treated as a dist-tag for bcrypt
44 info addNameTag [ 'bcrypt', 'latest' ]
45 silly mapToRegistry name bcrypt
46 silly mapToRegistry using default registry
47 silly mapToRegistry registry https://registry.npmjs.org/
48 silly mapToRegistry data { raw: 'bcrypt',
48 silly mapToRegistry   scope: null,
48 silly mapToRegistry   escapedName: 'bcrypt',
48 silly mapToRegistry   name: 'bcrypt',
48 silly mapToRegistry   rawSpec: '',
48 silly mapToRegistry   spec: 'latest',
48 silly mapToRegistry   type: 'tag' }
49 silly mapToRegistry uri https://registry.npmjs.org/bcrypt
50 verbose addNameTag registry:https://registry.npmjs.org/bcrypt not in flight; fetching
51 verbose get https://registry.npmjs.org/bcrypt not expired, no request
52 silly addNameTag next cb for bcrypt with tag latest
53 silly addNamed bcrypt@0.8.7
54 verbose addNamed "0.8.7" is a plain semver version for bcrypt
55 silly mapToRegistry name bcrypt
56 silly mapToRegistry using default registry
57 silly mapToRegistry registry https://registry.npmjs.org/
58 silly mapToRegistry data { raw: 'bcrypt',
58 silly mapToRegistry   scope: null,
58 silly mapToRegistry   escapedName: 'bcrypt',
58 silly mapToRegistry   name: 'bcrypt',
58 silly mapToRegistry   rawSpec: '',
58 silly mapToRegistry   spec: 'latest',
58 silly mapToRegistry   type: 'tag' }
59 silly mapToRegistry uri https://registry.npmjs.org/bcrypt
60 verbose addRemoteTarball https://registry.npmjs.org/bcrypt/-/bcrypt-0.8.7.tgz not in flight; adding
61 verbose addRemoteTarball [ 'https://registry.npmjs.org/bcrypt/-/bcrypt-0.8.7.tgz',
61 verbose addRemoteTarball   'bc3875a9afd0a7b2cd231a6a7f218a5ce156b093' ]
62 info retry fetch attempt 1 at 18:10:40
63 info attempt registry request try #1 at 18:10:40
64 http fetch GET https://registry.npmjs.org/bcrypt/-/bcrypt-0.8.7.tgz
65 http fetch 200 https://registry.npmjs.org/bcrypt/-/bcrypt-0.8.7.tgz
66 silly fetchAndShaCheck shasum bc3875a9afd0a7b2cd231a6a7f218a5ce156b093
67 verbose addTmpTarball C:\Users\MIGUEL~1.MOR\AppData\Local\Temp\npm-1816-963298cf\registry.npmjs.org\bcrypt\-\bcrypt-0.8.7.tgz not in flight; adding
68 verbose addTmpTarball already have metadata; skipping unpack for bcrypt@0.8.7
69 verbose correctMkdir C:\Users\miguel.morujao\AppData\Roaming\npm-cache correctMkdir not in flight; initializing
70 silly cache afterAdd bcrypt@0.8.7
71 verbose afterAdd C:\Users\miguel.morujao\AppData\Roaming\npm-cache\bcrypt\0.8.7\package\package.json not in flight; writing
72 verbose correctMkdir C:\Users\miguel.morujao\AppData\Roaming\npm-cache correctMkdir not in flight; initializing
73 verbose afterAdd C:\Users\miguel.morujao\AppData\Roaming\npm-cache\bcrypt\0.8.7\package\package.json written
74 silly fetchNamedPackageData bindings
75 silly mapToRegistry name bindings
76 silly mapToRegistry using default registry
77 silly mapToRegistry registry https://registry.npmjs.org/
78 silly mapToRegistry data { raw: 'bindings',
78 silly mapToRegistry   scope: null,
78 silly mapToRegistry   escapedName: 'bindings',
78 silly mapToRegistry   name: 'bindings',
78 silly mapToRegistry   rawSpec: '',
78 silly mapToRegistry   spec: 'latest',
78 silly mapToRegistry   type: 'tag' }
79 silly mapToRegistry uri https://registry.npmjs.org/bindings
80 silly fetchNamedPackageData nan
81 silly mapToRegistry name nan
82 silly mapToRegistry using default registry
83 silly mapToRegistry registry https://registry.npmjs.org/
84 silly mapToRegistry data { raw: 'nan',
84 silly mapToRegistry   scope: null,
84 silly mapToRegistry   escapedName: 'nan',
84 silly mapToRegistry   name: 'nan',
84 silly mapToRegistry   rawSpec: '',
84 silly mapToRegistry   spec: 'latest',
84 silly mapToRegistry   type: 'tag' }
85 silly mapToRegistry uri https://registry.npmjs.org/nan
86 verbose request uri https://registry.npmjs.org/bindings
87 verbose request no auth needed
88 info attempt registry request try #1 at 18:10:40
89 http request GET https://registry.npmjs.org/bindings
90 verbose request uri https://registry.npmjs.org/nan
91 verbose request no auth needed
92 info attempt registry request try #1 at 18:10:40
93 http request GET https://registry.npmjs.org/nan
94 http 200 https://registry.npmjs.org/bindings
95 verbose headers { server: 'CouchDB/1.6.1 (Erlang OTP/R16B03)',
95 verbose headers   etag: '"33TX4J3DNTGF7K41ZUV6OA182"',
95 verbose headers   'content-type': 'application/json',
95 verbose headers   'content-encoding': 'gzip',
95 verbose headers   'cache-control': 'max-age=300',
95 verbose headers   'content-length': '3804',
95 verbose headers   'accept-ranges': 'bytes',
95 verbose headers   date: 'Mon, 08 Aug 2016 17:13:29 GMT',
95 verbose headers   via: '1.1 varnish',
95 verbose headers   age: '89',
95 verbose headers   connection: 'keep-alive',
95 verbose headers   'x-served-by': 'cache-lhr6348-LHR',
95 verbose headers   'x-cache': 'HIT',
95 verbose headers   'x-cache-hits': '1',
95 verbose headers   'x-timer': 'S1470676409.356848,VS0,VE0',
95 verbose headers   vary: 'Accept-Encoding' }
96 silly get cb [ 200,
96 silly get   { server: 'CouchDB/1.6.1 (Erlang OTP/R16B03)',
96 silly get     etag: '"33TX4J3DNTGF7K41ZUV6OA182"',
96 silly get     'content-type': 'application/json',
96 silly get     'content-encoding': 'gzip',
96 silly get     'cache-control': 'max-age=300',
96 silly get     'content-length': '3804',
96 silly get     'accept-ranges': 'bytes',
96 silly get     date: 'Mon, 08 Aug 2016 17:13:29 GMT',
96 silly get     via: '1.1 varnish',
96 silly get     age: '89',
96 silly get     connection: 'keep-alive',
96 silly get     'x-served-by': 'cache-lhr6348-LHR',
96 silly get     'x-cache': 'HIT',
96 silly get     'x-cache-hits': '1',
96 silly get     'x-timer': 'S1470676409.356848,VS0,VE0',
96 silly get     vary: 'Accept-Encoding' } ]
97 verbose get saving bindings to C:\Users\miguel.morujao\AppData\Roaming\npm-cache\registry.npmjs.org\bindings\.cache.json
98 verbose correctMkdir C:\Users\miguel.morujao\AppData\Roaming\npm-cache correctMkdir not in flight; initializing
99 silly resolveWithNewModule bindings@1.2.1 checking installable status
100 silly cache add args [ 'bindings@1.2.1', null ]
101 verbose cache add spec bindings@1.2.1
102 silly cache add parsed spec { raw: 'bindings@1.2.1',
102 silly cache add   scope: null,
102 silly cache add   escapedName: 'bindings',
102 silly cache add   name: 'bindings',
102 silly cache add   rawSpec: '1.2.1',
102 silly cache add   spec: '1.2.1',
102 silly cache add   type: 'version' }
103 silly addNamed bindings@1.2.1
104 verbose addNamed "1.2.1" is a plain semver version for bindings
105 silly mapToRegistry name bindings
106 silly mapToRegistry using default registry
107 silly mapToRegistry registry https://registry.npmjs.org/
108 silly mapToRegistry data { raw: 'bindings',
108 silly mapToRegistry   scope: null,
108 silly mapToRegistry   escapedName: 'bindings',
108 silly mapToRegistry   name: 'bindings',
108 silly mapToRegistry   rawSpec: '',
108 silly mapToRegistry   spec: 'latest',
108 silly mapToRegistry   type: 'tag' }
109 silly mapToRegistry uri https://registry.npmjs.org/bindings
110 verbose addNameVersion registry:https://registry.npmjs.org/bindings not in flight; fetching
111 verbose get https://registry.npmjs.org/bindings not expired, no request
112 silly mapToRegistry name bindings
113 silly mapToRegistry using default registry
114 silly mapToRegistry registry https://registry.npmjs.org/
115 silly mapToRegistry data { raw: 'bindings',
115 silly mapToRegistry   scope: null,
115 silly mapToRegistry   escapedName: 'bindings',
115 silly mapToRegistry   name: 'bindings',
115 silly mapToRegistry   rawSpec: '',
115 silly mapToRegistry   spec: 'latest',
115 silly mapToRegistry   type: 'tag' }
116 silly mapToRegistry uri https://registry.npmjs.org/bindings
117 verbose addRemoteTarball https://registry.npmjs.org/bindings/-/bindings-1.2.1.tgz not in flight; adding
118 verbose addRemoteTarball [ 'https://registry.npmjs.org/bindings/-/bindings-1.2.1.tgz',
118 verbose addRemoteTarball   '14ad6113812d2d37d72e67b4cacb4bb726505f11' ]
119 info retry fetch attempt 1 at 18:10:41
120 info attempt registry request try #1 at 18:10:41
121 http fetch GET https://registry.npmjs.org/bindings/-/bindings-1.2.1.tgz
122 http 200 https://registry.npmjs.org/nan
123 verbose headers { server: 'CouchDB/1.5.0 (Erlang OTP/R16B03)',
123 verbose headers   etag: '"EGTR1APXEV7TH8V3QYT0WN357"',
123 verbose headers   'content-type': 'application/json',
123 verbose headers   'content-encoding': 'gzip',
123 verbose headers   'cache-control': 'max-age=300',
123 verbose headers   'content-length': '17128',
123 verbose headers   'accept-ranges': 'bytes',
123 verbose headers   date: 'Mon, 08 Aug 2016 17:13:29 GMT',
123 verbose headers   via: '1.1 varnish',
123 verbose headers   age: '205',
123 verbose headers   connection: 'keep-alive',
123 verbose headers   'x-served-by': 'cache-lhr6336-LHR',
123 verbose headers   'x-cache': 'HIT',
123 verbose headers   'x-cache-hits': '3',
123 verbose headers   'x-timer': 'S1470676409.380190,VS0,VE0',
123 verbose headers   vary: 'Accept-Encoding' }
124 silly get cb [ 200,
124 silly get   { server: 'CouchDB/1.5.0 (Erlang OTP/R16B03)',
124 silly get     etag: '"EGTR1APXEV7TH8V3QYT0WN357"',
124 silly get     'content-type': 'application/json',
124 silly get     'content-encoding': 'gzip',
124 silly get     'cache-control': 'max-age=300',
124 silly get     'content-length': '17128',
124 silly get     'accept-ranges': 'bytes',
124 silly get     date: 'Mon, 08 Aug 2016 17:13:29 GMT',
124 silly get     via: '1.1 varnish',
124 silly get     age: '205',
124 silly get     connection: 'keep-alive',
124 silly get     'x-served-by': 'cache-lhr6336-LHR',
124 silly get     'x-cache': 'HIT',
124 silly get     'x-cache-hits': '3',
124 silly get     'x-timer': 'S1470676409.380190,VS0,VE0',
124 silly get     vary: 'Accept-Encoding' } ]
125 verbose get saving nan to C:\Users\miguel.morujao\AppData\Roaming\npm-cache\registry.npmjs.org\nan\.cache.json
126 verbose correctMkdir C:\Users\miguel.morujao\AppData\Roaming\npm-cache correctMkdir not in flight; initializing
127 silly resolveWithNewModule nan@2.3.5 checking installable status
128 silly cache add args [ 'nan@2.3.5', null ]
129 verbose cache add spec nan@2.3.5
130 silly cache add parsed spec { raw: 'nan@2.3.5',
130 silly cache add   scope: null,
130 silly cache add   escapedName: 'nan',
130 silly cache add   name: 'nan',
130 silly cache add   rawSpec: '2.3.5',
130 silly cache add   spec: '2.3.5',
130 silly cache add   type: 'version' }
131 silly addNamed nan@2.3.5
132 verbose addNamed "2.3.5" is a plain semver version for nan
133 silly mapToRegistry name nan
134 silly mapToRegistry using default registry
135 silly mapToRegistry registry https://registry.npmjs.org/
136 silly mapToRegistry data { raw: 'nan',
136 silly mapToRegistry   scope: null,
136 silly mapToRegistry   escapedName: 'nan',
136 silly mapToRegistry   name: 'nan',
136 silly mapToRegistry   rawSpec: '',
136 silly mapToRegistry   spec: 'latest',
136 silly mapToRegistry   type: 'tag' }
137 silly mapToRegistry uri https://registry.npmjs.org/nan
138 verbose addNameVersion registry:https://registry.npmjs.org/nan not in flight; fetching
139 verbose get https://registry.npmjs.org/nan not expired, no request
140 silly mapToRegistry name nan
141 silly mapToRegistry using default registry
142 silly mapToRegistry registry https://registry.npmjs.org/
143 silly mapToRegistry data { raw: 'nan',
143 silly mapToRegistry   scope: null,
143 silly mapToRegistry   escapedName: 'nan',
143 silly mapToRegistry   name: 'nan',
143 silly mapToRegistry   rawSpec: '',
143 silly mapToRegistry   spec: 'latest',
143 silly mapToRegistry   type: 'tag' }
144 silly mapToRegistry uri https://registry.npmjs.org/nan
145 verbose addRemoteTarball https://registry.npmjs.org/nan/-/nan-2.3.5.tgz not in flight; adding
146 verbose addRemoteTarball [ 'https://registry.npmjs.org/nan/-/nan-2.3.5.tgz',
146 verbose addRemoteTarball   '822a0dc266290ce4cd3a12282ca3e7e364668a08' ]
147 info retry fetch attempt 1 at 18:10:41
148 info attempt registry request try #1 at 18:10:41
149 http fetch GET https://registry.npmjs.org/nan/-/nan-2.3.5.tgz
150 http fetch 200 https://registry.npmjs.org/bindings/-/bindings-1.2.1.tgz
151 silly fetchAndShaCheck shasum 14ad6113812d2d37d72e67b4cacb4bb726505f11
152 verbose addTmpTarball C:\Users\MIGUEL~1.MOR\AppData\Local\Temp\npm-1816-963298cf\registry.npmjs.org\bindings\-\bindings-1.2.1.tgz not in flight; adding
153 verbose addTmpTarball already have metadata; skipping unpack for bindings@1.2.1
154 verbose correctMkdir C:\Users\miguel.morujao\AppData\Roaming\npm-cache correctMkdir not in flight; initializing
155 silly cache afterAdd bindings@1.2.1
156 verbose afterAdd C:\Users\miguel.morujao\AppData\Roaming\npm-cache\bindings\1.2.1\package\package.json not in flight; writing
157 verbose correctMkdir C:\Users\miguel.morujao\AppData\Roaming\npm-cache correctMkdir not in flight; initializing
158 verbose afterAdd C:\Users\miguel.morujao\AppData\Roaming\npm-cache\bindings\1.2.1\package\package.json written
159 http fetch 200 https://registry.npmjs.org/nan/-/nan-2.3.5.tgz
160 silly fetchAndShaCheck shasum 822a0dc266290ce4cd3a12282ca3e7e364668a08
161 verbose addTmpTarball C:\Users\MIGUEL~1.MOR\AppData\Local\Temp\npm-1816-963298cf\registry.npmjs.org\nan\-\nan-2.3.5.tgz not in flight; adding
162 verbose addTmpTarball already have metadata; skipping unpack for nan@2.3.5
163 verbose correctMkdir C:\Users\miguel.morujao\AppData\Roaming\npm-cache correctMkdir not in flight; initializing
164 silly cache afterAdd nan@2.3.5
165 verbose afterAdd C:\Users\miguel.morujao\AppData\Roaming\npm-cache\nan\2.3.5\package\package.json not in flight; writing
166 verbose correctMkdir C:\Users\miguel.morujao\AppData\Roaming\npm-cache correctMkdir not in flight; initializing
167 verbose afterAdd C:\Users\miguel.morujao\AppData\Roaming\npm-cache\nan\2.3.5\package\package.json written
168 silly loadAllDepsIntoIdealTree Finishing
169 silly loadIdealTree Finishing
170 silly currentTree HubApp@
170 silly currentTree +-- ansi-regex@2.0.0
170 silly currentTree +-- ansi-styles@2.2.1
170 silly currentTree +-- asn1@0.2.3
170 silly currentTree +-- assert-plus@0.2.0
170 silly currentTree +-- async@1.5.2
170 silly currentTree +-- aws-sign2@0.6.0
170 silly currentTree +-- aws4@1.4.1
170 silly currentTree +-- bl@1.1.2
170 silly currentTree +-- boom@2.10.1
170 silly currentTree +-- caseless@0.11.0
170 silly currentTree +-- chalk@1.1.3
170 silly currentTree +-- combined-stream@1.0.5
170 silly currentTree +-- commander@2.9.0
170 silly currentTree +-- core-util-is@1.0.2
170 silly currentTree +-- cryptiles@2.0.5
170 silly currentTree +-- dashdash@1.14.0
170 silly currentTree | `-- assert-plus@1.0.0
170 silly currentTree +-- delayed-stream@1.0.0
170 silly currentTree +-- ecc-jsbn@0.1.1
170 silly currentTree +-- escape-string-regexp@1.0.5
170 silly currentTree +-- extend@3.0.0
170 silly currentTree +-- extsprintf@1.0.2
170 silly currentTree +-- fbgraph@1.3.0
170 silly currentTree +-- forever-agent@0.6.1
170 silly currentTree +-- form-data@1.0.0-rc4
170 silly currentTree +-- generate-function@2.0.0
170 silly currentTree +-- generate-object-property@1.2.0
170 silly currentTree +-- getpass@0.1.6
170 silly currentTree | `-- assert-plus@1.0.0
170 silly currentTree +-- graceful-readlink@1.0.1
170 silly currentTree +-- har-validator@2.0.6
170 silly currentTree +-- has-ansi@2.0.0
170 silly currentTree +-- hawk@3.1.3
170 silly currentTree +-- hoek@2.16.3
170 silly currentTree +-- http-signature@1.1.1
170 silly currentTree +-- inherits@2.0.1
170 silly currentTree +-- is-my-json-valid@2.13.1
170 silly currentTree +-- is-property@1.0.2
170 silly currentTree +-- is-typedarray@1.0.0
170 silly currentTree +-- isarray@1.0.0
170 silly currentTree +-- isstream@0.1.2
170 silly currentTree +-- jodid25519@1.0.2
170 silly currentTree +-- jsbn@0.1.0
170 silly currentTree +-- json-schema@0.2.2
170 silly currentTree +-- json-stringify-safe@5.0.1
170 silly currentTree +-- jsonpointer@2.0.0
170 silly currentTree +-- jsprim@1.3.0
170 silly currentTree +-- mime-db@1.23.0
170 silly currentTree +-- mime-types@2.1.11
170 silly currentTree +-- node-uuid@1.4.7
170 silly currentTree +-- oauth-sign@0.8.2
170 silly currentTree +-- pinkie-promise@2.0.1
170 silly currentTree +-- pinkie@2.0.4
170 silly currentTree +-- process-nextick-args@1.0.7
170 silly currentTree +-- qs@1.2.2
170 silly currentTree +-- readable-stream@2.0.6
170 silly currentTree +-- request@2.74.0
170 silly currentTree | `-- qs@6.2.1
170 silly currentTree +-- sntp@1.0.9
170 silly currentTree +-- sshpk@1.9.2
170 silly currentTree | `-- assert-plus@1.0.0
170 silly currentTree +-- string_decoder@0.10.31
170 silly currentTree +-- stringstream@0.0.5
170 silly currentTree +-- strip-ansi@3.0.1
170 silly currentTree +-- supports-color@2.0.0
170 silly currentTree +-- tough-cookie@2.3.1
170 silly currentTree +-- tunnel-agent@0.4.3
170 silly currentTree +-- tweetnacl@0.13.3
170 silly currentTree +-- util-deprecate@1.0.2
170 silly currentTree +-- verror@1.3.6
170 silly currentTree `-- xtend@4.0.1
171 silly idealTree HubApp@
171 silly idealTree +-- ansi-regex@2.0.0
171 silly idealTree +-- ansi-styles@2.2.1
171 silly idealTree +-- asn1@0.2.3
171 silly idealTree +-- assert-plus@0.2.0
171 silly idealTree +-- async@1.5.2
171 silly idealTree +-- aws-sign2@0.6.0
171 silly idealTree +-- aws4@1.4.1
171 silly idealTree +-- bcrypt@0.8.7
171 silly idealTree +-- bindings@1.2.1
171 silly idealTree +-- bl@1.1.2
171 silly idealTree +-- boom@2.10.1
171 silly idealTree +-- caseless@0.11.0
171 silly idealTree +-- chalk@1.1.3
171 silly idealTree +-- combined-stream@1.0.5
171 silly idealTree +-- commander@2.9.0
171 silly idealTree +-- core-util-is@1.0.2
171 silly idealTree +-- cryptiles@2.0.5
171 silly idealTree +-- dashdash@1.14.0
171 silly idealTree | `-- assert-plus@1.0.0
171 silly idealTree +-- delayed-stream@1.0.0
171 silly idealTree +-- ecc-jsbn@0.1.1
171 silly idealTree +-- escape-string-regexp@1.0.5
171 silly idealTree +-- extend@3.0.0
171 silly idealTree +-- extsprintf@1.0.2
171 silly idealTree +-- fbgraph@1.3.0
171 silly idealTree +-- forever-agent@0.6.1
171 silly idealTree +-- form-data@1.0.0-rc4
171 silly idealTree +-- generate-function@2.0.0
171 silly idealTree +-- generate-object-property@1.2.0
171 silly idealTree +-- getpass@0.1.6
171 silly idealTree | `-- assert-plus@1.0.0
171 silly idealTree +-- graceful-readlink@1.0.1
171 silly idealTree +-- har-validator@2.0.6
171 silly idealTree +-- has-ansi@2.0.0
171 silly idealTree +-- hawk@3.1.3
171 silly idealTree +-- hoek@2.16.3
171 silly idealTree +-- http-signature@1.1.1
171 silly idealTree +-- inherits@2.0.1
171 silly idealTree +-- is-my-json-valid@2.13.1
171 silly idealTree +-- is-property@1.0.2
171 silly idealTree +-- is-typedarray@1.0.0
171 silly idealTree +-- isarray@1.0.0
171 silly idealTree +-- isstream@0.1.2
171 silly idealTree +-- jodid25519@1.0.2
171 silly idealTree +-- jsbn@0.1.0
171 silly idealTree +-- json-schema@0.2.2
171 silly idealTree +-- json-stringify-safe@5.0.1
171 silly idealTree +-- jsonpointer@2.0.0
171 silly idealTree +-- jsprim@1.3.0
171 silly idealTree +-- mime-db@1.23.0
171 silly idealTree +-- mime-types@2.1.11
171 silly idealTree +-- nan@2.3.5
171 silly idealTree +-- node-uuid@1.4.7
171 silly idealTree +-- oauth-sign@0.8.2
171 silly idealTree +-- pinkie-promise@2.0.1
171 silly idealTree +-- pinkie@2.0.4
171 silly idealTree +-- process-nextick-args@1.0.7
171 silly idealTree +-- qs@1.2.2
171 silly idealTree +-- readable-stream@2.0.6
171 silly idealTree +-- request@2.74.0
171 silly idealTree | `-- qs@6.2.1
171 silly idealTree +-- sntp@1.0.9
171 silly idealTree +-- sshpk@1.9.2
171 silly idealTree | `-- assert-plus@1.0.0
171 silly idealTree +-- string_decoder@0.10.31
171 silly idealTree +-- stringstream@0.0.5
171 silly idealTree +-- strip-ansi@3.0.1
171 silly idealTree +-- supports-color@2.0.0
171 silly idealTree +-- tough-cookie@2.3.1
171 silly idealTree +-- tunnel-agent@0.4.3
171 silly idealTree +-- tweetnacl@0.13.3
171 silly idealTree +-- util-deprecate@1.0.2
171 silly idealTree +-- verror@1.3.6
171 silly idealTree `-- xtend@4.0.1
172 silly generateActionsToTake Starting
173 silly install generateActionsToTake
174 silly generateActionsToTake Finishing
175 silly diffTrees action count 3
176 silly diffTrees add bindings@1.2.1
177 silly diffTrees add nan@2.3.5
178 silly diffTrees add bcrypt@0.8.7
179 silly decomposeActions action count 24
180 silly decomposeActions fetch bindings@1.2.1
181 silly decomposeActions extract bindings@1.2.1
182 silly decomposeActions test bindings@1.2.1
183 silly decomposeActions preinstall bindings@1.2.1
184 silly decomposeActions build bindings@1.2.1
185 silly decomposeActions install bindings@1.2.1
186 silly decomposeActions postinstall bindings@1.2.1
187 silly decomposeActions finalize bindings@1.2.1
188 silly decomposeActions fetch nan@2.3.5
189 silly decomposeActions extract nan@2.3.5
190 silly decomposeActions test nan@2.3.5
191 silly decomposeActions preinstall nan@2.3.5
192 silly decomposeActions build nan@2.3.5
193 silly decomposeActions install nan@2.3.5
194 silly decomposeActions postinstall nan@2.3.5
195 silly decomposeActions finalize nan@2.3.5
196 silly decomposeActions fetch bcrypt@0.8.7
197 silly decomposeActions extract bcrypt@0.8.7
198 silly decomposeActions test bcrypt@0.8.7
199 silly decomposeActions preinstall bcrypt@0.8.7
200 silly decomposeActions build bcrypt@0.8.7
201 silly decomposeActions install bcrypt@0.8.7
202 silly decomposeActions postinstall bcrypt@0.8.7
203 silly decomposeActions finalize bcrypt@0.8.7
204 silly executeActions Starting
205 silly install executeActions
206 silly doSerial global-install 0
207 silly doParallel fetch 3
208 verbose correctMkdir C:\Users\miguel.morujao\AppData\Roaming\npm-cache\_locks correctMkdir not in flight; initializing
209 verbose lock using C:\Users\miguel.morujao\AppData\Roaming\npm-cache\_locks\staging-42b790fad1c4893b.lock for C:\Users\miguel.morujao\Desktop\meteor\hubapp\node_modules\.staging
210 silly doParallel extract 3
211 silly extract bindings@1.2.1
212 silly extract nan@2.3.5
213 silly extract bcrypt@0.8.7
214 verbose unbuild node_modules\.staging\bindings-f5db9d1e
215 verbose unbuild node_modules\.staging\nan-ccfaad8d
216 verbose unbuild node_modules\.staging\bcrypt-3ad71292
217 silly gentlyRm C:\Users\miguel.morujao\Desktop\meteor\hubapp\node_modules\.staging\bindings-f5db9d1e is being purged from base C:\Users\miguel.morujao\Desktop\meteor\hubapp
218 verbose gentlyRm don't care about contents; nuking C:\Users\miguel.morujao\Desktop\meteor\hubapp\node_modules\.staging\bindings-f5db9d1e
219 silly gentlyRm C:\Users\miguel.morujao\Desktop\meteor\hubapp\node_modules\.staging\nan-ccfaad8d is being purged from base C:\Users\miguel.morujao\Desktop\meteor\hubapp
220 verbose gentlyRm don't care about contents; nuking C:\Users\miguel.morujao\Desktop\meteor\hubapp\node_modules\.staging\nan-ccfaad8d
221 silly gentlyRm C:\Users\miguel.morujao\Desktop\meteor\hubapp\node_modules\.staging\bcrypt-3ad71292 is being purged from base C:\Users\miguel.morujao\Desktop\meteor\hubapp
222 verbose gentlyRm don't care about contents; nuking C:\Users\miguel.morujao\Desktop\meteor\hubapp\node_modules\.staging\bcrypt-3ad71292
223 verbose tar unpack C:\Users\miguel.morujao\AppData\Roaming\npm-cache\bindings\1.2.1\package.tgz
224 verbose tar unpacking to C:\Users\miguel.morujao\Desktop\meteor\hubapp\node_modules\.staging\bindings-f5db9d1e
225 silly gentlyRm C:\Users\miguel.morujao\Desktop\meteor\hubapp\node_modules\.staging\bindings-f5db9d1e is being purged
226 verbose gentlyRm don't care about contents; nuking C:\Users\miguel.morujao\Desktop\meteor\hubapp\node_modules\.staging\bindings-f5db9d1e
227 verbose tar unpack C:\Users\miguel.morujao\AppData\Roaming\npm-cache\nan\2.3.5\package.tgz
228 verbose tar unpacking to C:\Users\miguel.morujao\Desktop\meteor\hubapp\node_modules\.staging\nan-ccfaad8d
229 silly gentlyRm C:\Users\miguel.morujao\Desktop\meteor\hubapp\node_modules\.staging\nan-ccfaad8d is being purged
230 verbose gentlyRm don't care about contents; nuking C:\Users\miguel.morujao\Desktop\meteor\hubapp\node_modules\.staging\nan-ccfaad8d
231 verbose tar unpack C:\Users\miguel.morujao\AppData\Roaming\npm-cache\bcrypt\0.8.7\package.tgz
232 verbose tar unpacking to C:\Users\miguel.morujao\Desktop\meteor\hubapp\node_modules\.staging\bcrypt-3ad71292
233 silly gentlyRm C:\Users\miguel.morujao\Desktop\meteor\hubapp\node_modules\.staging\bcrypt-3ad71292 is being purged
234 verbose gentlyRm don't care about contents; nuking C:\Users\miguel.morujao\Desktop\meteor\hubapp\node_modules\.staging\bcrypt-3ad71292
235 silly gunzTarPerm modes [ '777', '666' ]
236 silly gunzTarPerm modes [ '777', '666' ]
237 silly gunzTarPerm modes [ '777', '666' ]
238 silly gunzTarPerm extractEntry package.json
239 silly gunzTarPerm modified mode [ 'package.json', 420, 438 ]
240 silly gunzTarPerm extractEntry package.json
241 silly gunzTarPerm modified mode [ 'package.json', 436, 438 ]
242 silly gunzTarPerm extractEntry package.json
243 silly gunzTarPerm modified mode [ 'package.json', 420, 438 ]
244 silly gunzTarPerm extractEntry README.md
245 silly gunzTarPerm modified mode [ 'README.md', 420, 438 ]
246 silly gunzTarPerm extractEntry bindings.js
247 silly gunzTarPerm modified mode [ 'bindings.js', 420, 438 ]
248 silly gunzTarPerm extractEntry README.md
249 silly gunzTarPerm modified mode [ 'README.md', 436, 438 ]
250 silly gunzTarPerm extractEntry include_dirs.js
251 silly gunzTarPerm modified mode [ 'include_dirs.js', 436, 438 ]
252 silly gunzTarPerm extractEntry .npmignore
253 silly gunzTarPerm modified mode [ '.npmignore', 420, 438 ]
254 silly gunzTarPerm extractEntry README.md
255 silly gunzTarPerm modified mode [ 'README.md', 420, 438 ]
256 silly gunzTarPerm extractEntry LICENSE
257 silly gunzTarPerm modified mode [ 'LICENSE', 420, 438 ]
258 silly gunzTarPerm extractEntry bcrypt.js
259 silly gunzTarPerm modified mode [ 'bcrypt.js', 420, 438 ]
260 silly gunzTarPerm extractEntry Makefile
261 silly gunzTarPerm modified mode [ 'Makefile', 420, 438 ]
262 silly gunzTarPerm extractEntry .travis.yml
263 silly gunzTarPerm modified mode [ '.travis.yml', 420, 438 ]
264 silly gunzTarPerm extractEntry CHANGELOG.md
265 silly gunzTarPerm modified mode [ 'CHANGELOG.md', 420, 438 ]
266 silly gunzTarPerm extractEntry binding.gyp
267 silly gunzTarPerm modified mode [ 'binding.gyp', 420, 438 ]
268 silly gunzTarPerm extractEntry examples/async_compare.js
269 silly gunzTarPerm modified mode [ 'examples/async_compare.js', 420, 438 ]
270 silly gunzTarPerm extractEntry examples/forever_gen_salt.js
271 silly gunzTarPerm modified mode [ 'examples/forever_gen_salt.js', 420, 438 ]
272 silly gunzTarPerm extractEntry test/async.js
273 silly gunzTarPerm modified mode [ 'test/async.js', 420, 438 ]
274 silly gunzTarPerm extractEntry test/repetitions.js
275 silly gunzTarPerm modified mode [ 'test/repetitions.js', 420, 438 ]
276 silly gunzTarPerm extractEntry test/sync.js
277 silly gunzTarPerm modified mode [ 'test/sync.js', 420, 438 ]
278 silly gunzTarPerm extractEntry ISSUE_TEMPLATE.md
279 silly gunzTarPerm modified mode [ 'ISSUE_TEMPLATE.md', 420, 438 ]
280 silly gunzTarPerm extractEntry src/bcrypt.cc
281 silly gunzTarPerm modified mode [ 'src/bcrypt.cc', 420, 438 ]
282 silly gunzTarPerm extractEntry src/bcrypt_node.cc
283 silly gunzTarPerm modified mode [ 'src/bcrypt_node.cc', 420, 438 ]
284 silly gunzTarPerm extractEntry src/blowfish.cc
285 silly gunzTarPerm modified mode [ 'src/blowfish.cc', 420, 438 ]
286 silly gunzTarPerm extractEntry src/node_blf.h
287 silly gunzTarPerm modified mode [ 'src/node_blf.h', 420, 438 ]
288 silly gunzTarPerm extractEntry werker.yml
289 silly gunzTarPerm modified mode [ 'werker.yml', 420, 438 ]
290 silly gunzTarPerm extractEntry nan_converters.h
291 silly gunzTarPerm modified mode [ 'nan_converters.h', 436, 438 ]
292 silly gunzTarPerm extractEntry LICENSE.md
293 silly gunzTarPerm modified mode [ 'LICENSE.md', 436, 438 ]
294 silly gunzTarPerm extractEntry doc/node_misc.md
295 silly gunzTarPerm modified mode [ 'doc/node_misc.md', 436, 438 ]
296 silly gunzTarPerm extractEntry doc/asyncworker.md
297 silly gunzTarPerm modified mode [ 'doc/asyncworker.md', 436, 438 ]
298 silly gunzTarPerm extractEntry doc/callback.md
299 silly gunzTarPerm modified mode [ 'doc/callback.md', 436, 438 ]
300 silly gunzTarPerm extractEntry doc/converters.md
301 silly gunzTarPerm modified mode [ 'doc/converters.md', 436, 438 ]
302 silly gunzTarPerm extractEntry doc/errors.md
303 silly gunzTarPerm modified mode [ 'doc/errors.md', 436, 438 ]
304 silly gunzTarPerm extractEntry doc/maybe_types.md
305 silly gunzTarPerm modified mode [ 'doc/maybe_types.md', 436, 438 ]
306 silly gunzTarPerm extractEntry doc/methods.md
307 silly gunzTarPerm modified mode [ 'doc/methods.md', 436, 438 ]
308 silly gunzTarPerm extractEntry doc/new.md
309 silly gunzTarPerm modified mode [ 'doc/new.md', 436, 438 ]
310 silly gunzTarPerm extractEntry doc/buffers.md
311 silly gunzTarPerm modified mode [ 'doc/buffers.md', 436, 438 ]
312 silly gunzTarPerm extractEntry doc/object_wrappers.md
313 silly gunzTarPerm modified mode [ 'doc/object_wrappers.md', 436, 438 ]
314 silly gentlyRm C:\Users\miguel.morujao\Desktop\meteor\hubapp\node_modules\.staging\bindings-f5db9d1e\node_modules is being purged
315 verbose gentlyRm don't care about contents; nuking C:\Users\miguel.morujao\Desktop\meteor\hubapp\node_modules\.staging\bindings-f5db9d1e\node_modules
316 silly gunzTarPerm extractEntry doc/persistent.md
317 silly gunzTarPerm modified mode [ 'doc/persistent.md', 436, 438 ]
318 silly gunzTarPerm extractEntry doc/scopes.md
319 silly gunzTarPerm modified mode [ 'doc/scopes.md', 436, 438 ]
320 silly gunzTarPerm extractEntry doc/script.md
321 silly gunzTarPerm modified mode [ 'doc/script.md', 436, 438 ]
322 silly gunzTarPerm extractEntry doc/string_bytes.md
323 silly gunzTarPerm modified mode [ 'doc/string_bytes.md', 436, 438 ]
324 silly gunzTarPerm extractEntry doc/v8_internals.md
325 silly gunzTarPerm modified mode [ 'doc/v8_internals.md', 436, 438 ]
326 silly gunzTarPerm extractEntry doc/v8_misc.md
327 silly gunzTarPerm modified mode [ 'doc/v8_misc.md', 436, 438 ]
328 silly gunzTarPerm extractEntry nan.h
329 silly gunzTarPerm modified mode [ 'nan.h', 436, 438 ]
330 silly gunzTarPerm extractEntry nan_callbacks.h
331 silly gunzTarPerm modified mode [ 'nan_callbacks.h', 436, 438 ]
332 silly gunzTarPerm extractEntry nan_callbacks_12_inl.h
333 silly gunzTarPerm modified mode [ 'nan_callbacks_12_inl.h', 436, 438 ]
334 silly gunzTarPerm extractEntry nan_callbacks_pre_12_inl.h
335 silly gunzTarPerm modified mode [ 'nan_callbacks_pre_12_inl.h', 436, 438 ]
336 silly gunzTarPerm extractEntry nan_converters_43_inl.h
337 silly gunzTarPerm modified mode [ 'nan_converters_43_inl.h', 436, 438 ]
338 silly gunzTarPerm extractEntry nan_converters_pre_43_inl.h
339 silly gunzTarPerm modified mode [ 'nan_converters_pre_43_inl.h', 436, 438 ]
340 silly gunzTarPerm extractEntry nan_implementation_12_inl.h
341 silly gunzTarPerm modified mode [ 'nan_implementation_12_inl.h', 436, 438 ]
342 silly gunzTarPerm extractEntry nan_implementation_pre_12_inl.h
343 silly gunzTarPerm modified mode [ 'nan_implementation_pre_12_inl.h', 436, 438 ]
344 silly gunzTarPerm extractEntry nan_maybe_43_inl.h
345 silly gunzTarPerm modified mode [ 'nan_maybe_43_inl.h', 436, 438 ]
346 silly gunzTarPerm extractEntry nan_maybe_pre_43_inl.h
347 silly gunzTarPerm modified mode [ 'nan_maybe_pre_43_inl.h', 436, 438 ]
348 silly gunzTarPerm extractEntry nan_new.h
349 silly gunzTarPerm modified mode [ 'nan_new.h', 436, 438 ]
350 silly gunzTarPerm extractEntry nan_object_wrap.h
351 silly gunzTarPerm modified mode [ 'nan_object_wrap.h', 436, 438 ]
352 silly gunzTarPerm extractEntry nan_persistent_12_inl.h
353 silly gunzTarPerm modified mode [ 'nan_persistent_12_inl.h', 436, 438 ]
354 silly gunzTarPerm extractEntry nan_persistent_pre_12_inl.h
355 silly gunzTarPerm modified mode [ 'nan_persistent_pre_12_inl.h', 436, 438 ]
356 silly gunzTarPerm extractEntry nan_string_bytes.h
357 silly gunzTarPerm modified mode [ 'nan_string_bytes.h', 436, 438 ]
358 silly gunzTarPerm extractEntry nan_typedarray_contents.h
359 silly gunzTarPerm modified mode [ 'nan_typedarray_contents.h', 436, 438 ]
360 silly gunzTarPerm extractEntry nan_weak.h
361 silly gunzTarPerm modified mode [ 'nan_weak.h', 436, 438 ]
362 silly gunzTarPerm extractEntry CHANGELOG.md
363 silly gunzTarPerm modified mode [ 'CHANGELOG.md', 436, 438 ]
364 silly gunzTarPerm extractEntry tools/package.json
365 silly gunzTarPerm modified mode [ 'tools/package.json', 436, 438 ]
366 silly gunzTarPerm extractEntry tools/README.md
367 silly gunzTarPerm modified mode [ 'tools/README.md', 436, 438 ]
368 silly gunzTarPerm extractEntry tools/1to2.js
369 silly gunzTarPerm modified mode [ 'tools/1to2.js', 509, 511 ]
370 silly gentlyRm C:\Users\miguel.morujao\Desktop\meteor\hubapp\node_modules\.staging\bcrypt-3ad71292\node_modules is being purged
371 verbose gentlyRm don't care about contents; nuking C:\Users\miguel.morujao\Desktop\meteor\hubapp\node_modules\.staging\bcrypt-3ad71292\node_modules
372 silly gentlyRm C:\Users\miguel.morujao\Desktop\meteor\hubapp\node_modules\.staging\nan-ccfaad8d\node_modules is being purged
373 verbose gentlyRm don't care about contents; nuking C:\Users\miguel.morujao\Desktop\meteor\hubapp\node_modules\.staging\nan-ccfaad8d\node_modules
374 silly doParallel preinstall 3
375 silly preinstall bindings@1.2.1 C:\Users\miguel.morujao\Desktop\meteor\hubapp\node_modules\.staging\bindings-f5db9d1e
376 info lifecycle bindings@1.2.1~preinstall: bindings@1.2.1
377 silly preinstall nan@2.3.5 C:\Users\miguel.morujao\Desktop\meteor\hubapp\node_modules\.staging\nan-ccfaad8d
378 info lifecycle nan@2.3.5~preinstall: nan@2.3.5
379 silly preinstall bcrypt@0.8.7 C:\Users\miguel.morujao\Desktop\meteor\hubapp\node_modules\.staging\bcrypt-3ad71292
380 info lifecycle bcrypt@0.8.7~preinstall: bcrypt@0.8.7
381 silly lifecycle bindings@1.2.1~preinstall: no script for preinstall, continuing
382 silly lifecycle nan@2.3.5~preinstall: no script for preinstall, continuing
383 silly lifecycle bcrypt@0.8.7~preinstall: no script for preinstall, continuing
384 silly doReverseSerial remove 0
385 silly doSerial move 0
386 silly doSerial finalize 3
387 silly finalize C:\Users\miguel.morujao\Desktop\meteor\hubapp\node_modules\bindings
388 silly finalize C:\Users\miguel.morujao\Desktop\meteor\hubapp\node_modules\nan
389 silly finalize C:\Users\miguel.morujao\Desktop\meteor\hubapp\node_modules\bcrypt
390 silly doSerial build 3
391 silly build bindings@1.2.1
392 info linkStuff bindings@1.2.1
393 silly linkStuff bindings@1.2.1 has C:\Users\miguel.morujao\Desktop\meteor\hubapp\node_modules as its parent node_modules
394 verbose linkBins bindings@1.2.1
395 verbose linkMans bindings@1.2.1
396 silly build nan@2.3.5
397 info linkStuff nan@2.3.5
398 silly linkStuff nan@2.3.5 has C:\Users\miguel.morujao\Desktop\meteor\hubapp\node_modules as its parent node_modules
399 verbose linkBins nan@2.3.5
400 verbose linkMans nan@2.3.5
401 silly build bcrypt@0.8.7
402 info linkStuff bcrypt@0.8.7
403 silly linkStuff bcrypt@0.8.7 has C:\Users\miguel.morujao\Desktop\meteor\hubapp\node_modules as its parent node_modules
404 verbose linkBins bcrypt@0.8.7
405 verbose linkMans bcrypt@0.8.7
406 silly doSerial global-link 0
407 silly doParallel update-linked 0
408 silly doSerial install 3
409 silly install bindings@1.2.1 C:\Users\miguel.morujao\Desktop\meteor\hubapp\node_modules\.staging\bindings-f5db9d1e
410 info lifecycle bindings@1.2.1~install: bindings@1.2.1
411 silly lifecycle bindings@1.2.1~install: no script for install, continuing
412 silly install nan@2.3.5 C:\Users\miguel.morujao\Desktop\meteor\hubapp\node_modules\.staging\nan-ccfaad8d
413 info lifecycle nan@2.3.5~install: nan@2.3.5
414 silly lifecycle nan@2.3.5~install: no script for install, continuing
415 silly install bcrypt@0.8.7 C:\Users\miguel.morujao\Desktop\meteor\hubapp\node_modules\.staging\bcrypt-3ad71292
416 info lifecycle bcrypt@0.8.7~install: bcrypt@0.8.7
417 verbose lifecycle bcrypt@0.8.7~install: unsafe-perm in lifecycle true
418 verbose lifecycle bcrypt@0.8.7~install: PATH: C:\Users\miguel.morujao\AppData\Local\.meteor\packages\meteor-tool\1.3.4_4\mt-os.windows.x86_32\dev_bundle\bin\node_modules\npm\bin\node-gyp-bin;C:\Users\miguel.morujao\Desktop\meteor\hubapp\node_modules\bcrypt\node_modules\.bin;C:\Users\miguel.morujao\Desktop\meteor\hubapp\node_modules\.bin;C:\Users\miguel.morujao\AppData\Local\.meteor\packages\meteor-tool\1.3.4_4\mt-os.windows.x86_32\dev_bundle\bin;C:\Users\miguel.morujao\AppData\Local\.meteor\packages\meteor-tool\1.3.4_4\mt-os.windows.x86_32\dev_bundle\bin;C:\Users\miguel.morujao\AppData\Local\.meteor\packages\meteor-tool\1.3.4_4\mt-os.windows.x86_32\dev_bundle\lib\node_modules\.bin;C:\Program Files\ImageMagick-7.0.2-Q16;C:\ProgramData\Oracle\Java\javapath;C:\WINDOWS\system32;C:\WINDOWS;C:\WINDOWS\System32\Wbem;C:\WINDOWS\System32\WindowsPowerShell\v1.0\;C:\Program Files (x86)\ATI Technologies\ATI.ACE\Core-Static;C:\Program Files\Microsoft SQL Server\Client SDK\ODBC\110\Tools\Binn\;C:\Program Files (x86)\Microsoft SQL Server\120\Tools\Binn\;C:\Program Files\Microsoft SQL Server\120\Tools\Binn\;C:\Program Files\Microsoft SQL Server\120\DTS\Binn\;c:\Program Files (x86)\Microsoft SQL Server\110\Tools\Binn\;c:\Program Files\Microsoft SQL Server\110\Tools\Binn\;c:\Program Files\Microsoft SQL Server\110\DTS\Binn\;c:\Program Files (x86)\Microsoft SQL Server\110\Tools\Binn\ManagementStudio\;c:\Program Files (x86)\Microsoft SQL Server\110\DTS\Binn\;C:\Program Files\Git\cmd;C:\Program Files (x86)\Skype\Phone\;C:\Program Files (x86)\Heroku\bin;C:\Program Files (x86)\git\cmd;C:\Program Files (x86)\Git\cmd;C:\Program Files\nodejs\;C:\Users\miguel.morujao\.dnx\bin;C:\Program Files\Microsoft DNX\Dnvm\;C:\Program Files\Microsoft SQL Server\130\Tools\Binn\;C:\Program Files (x86)\Microsoft VS Code\bin;C:\Users\miguel.morujao\AppData\Local\.meteor\;C:\Users\miguel.morujao\AppData\Roaming\npm
419 verbose lifecycle bcrypt@0.8.7~install: CWD: C:\Users\miguel.morujao\Desktop\meteor\hubapp\node_modules\bcrypt
420 silly lifecycle bcrypt@0.8.7~install: Args: [ '/d /s /c', 'node-gyp rebuild' ]
421 silly lifecycle bcrypt@0.8.7~install: Returned: code: 1  signal: null
422 info lifecycle bcrypt@0.8.7~install: Failed to exec install script
423 verbose unlock done using C:\Users\miguel.morujao\AppData\Roaming\npm-cache\_locks\staging-42b790fad1c4893b.lock for C:\Users\miguel.morujao\Desktop\meteor\hubapp\node_modules\.staging
424 silly rollbackFailedOptional Starting
425 silly rollbackFailedOptional Finishing
426 silly runTopLevelLifecycles Starting
427 silly runTopLevelLifecycles Finishing
428 silly install printInstalled
429 verbose stack Error: bcrypt@0.8.7 install: `node-gyp rebuild`
429 verbose stack Exit status 1
429 verbose stack     at EventEmitter.<anonymous> (C:\Users\miguel.morujao\AppData\Local\.meteor\packages\meteor-tool\1.3.4_4\mt-os.windows.x86_32\dev_bundle\bin\node_modules\npm\lib\utils\lifecycle.js:242:16)
429 verbose stack     at EventEmitter.emit (events.js:98:17)
429 verbose stack     at ChildProcess.<anonymous> (C:\Users\miguel.morujao\AppData\Local\.meteor\packages\meteor-tool\1.3.4_4\mt-os.windows.x86_32\dev_bundle\bin\node_modules\npm\lib\utils\spawn.js:40:14)
429 verbose stack     at ChildProcess.emit (events.js:98:17)
429 verbose stack     at maybeClose (child_process.js:766:16)
429 verbose stack     at Process.ChildProcess._handle.onexit (child_process.js:833:5)
430 verbose pkgid bcrypt@0.8.7
431 verbose cwd C:\Users\miguel.morujao\Desktop\meteor\hubapp
432 error Windows_NT 10.0.10586
433 error argv "C:\\Users\\miguel.morujao\\AppData\\Local\\.meteor\\packages\\meteor-tool\\1.3.4_4\\mt-os.windows.x86_32\\dev_bundle\\bin\\\\node.exe" "C:\\Users\\miguel.morujao\\AppData\\Local\\.meteor\\packages\\meteor-tool\\1.3.4_4\\mt-os.windows.x86_32\\dev_bundle\\bin\\node_modules\\npm\\bin\\npm-cli.js" "install" "bcrypt"
434 error node v0.10.46
435 error npm  v3.10.5
436 error code ELIFECYCLE
437 error bcrypt@0.8.7 install: `node-gyp rebuild`
437 error Exit status 1
438 error Failed at the bcrypt@0.8.7 install script 'node-gyp rebuild'.
438 error Make sure you have the latest version of node.js and npm installed.
438 error If you do, this is most likely a problem with the bcrypt package,
438 error not with npm itself.
438 error Tell the author that this fails on your system:
438 error     node-gyp rebuild
438 error You can get information on how to open an issue for this project with:
438 error     npm bugs bcrypt
438 error Or if that isn't available, you can get their info via:
438 error     npm owner ls bcrypt
438 error There is likely additional logging output above.
439 verbose exit [ 1, true ]
